0 info it worked if it ends with ok
1 verbose cli [ 'node', '/usr/local/bin/npm', 'publish' ]
2 info using npm@2.1.3
3 info using node@v0.10.32
4 verbose node symlink /usr/local/bin/node
5 verbose publish [ '.' ]
6 silly cache add args [ '.', null ]
7 verbose cache add spec .
8 silly cache add parsed spec { raw: '.',
8 silly cache add   scope: null,
8 silly cache add   name: null,
8 silly cache add   rawSpec: '.',
8 silly cache add   spec: '/Users/matsu_chara/Dropbox/chara_work/programs/hubot/npms/hubot-say',
8 silly cache add   type: 'directory' }
9 verbose tar pack [ '/Users/matsu_chara/.npm/hubot-say/1.0.1/package.tgz',
9 verbose tar pack   '/Users/matsu_chara/Dropbox/chara_work/programs/hubot/npms/hubot-say' ]
10 verbose tarball /Users/matsu_chara/.npm/hubot-say/1.0.1/package.tgz
11 verbose folder /Users/matsu_chara/Dropbox/chara_work/programs/hubot/npms/hubot-say
12 info prepublish hubot-say@1.0.1
13 verbose addLocalTarball adding from inside cache /Users/matsu_chara/.npm/hubot-say/1.0.1/package.tgz
14 verbose afterAdd /Users/matsu_chara/.npm/hubot-say/1.0.1/package/package.json not in flight; writing
15 silly publish { name: 'hubot-say',
15 silly publish   version: '1.0.1',
15 silly publish   description: 'speak every text by say command',
15 silly publish   main: 'index.coffee',
15 silly publish   scripts: { test: 'echo "Error: no test specified" && exit 1' },
15 silly publish   repository:
15 silly publish    { type: 'git',
15 silly publish      url: 'https://github.com/matsu-chara/hubot-say.git' },
15 silly publish   keywords: [ 'hubot', 'say' ],
15 silly publish   dependencies: { execSync: '^1.0.2', 'shell-escape': '^0.1.0' },
15 silly publish   author: { name: 'matsu_chara' },
15 silly publish   license: 'ISC',
15 silly publish   bugs: { url: 'https://github.com/matsu-chara/hubot-say/issues' },
15 silly publish   homepage: 'https://github.com/matsu-chara/hubot-say',
15 silly publish   readme: '# hubot-say\n\n* speak every statement by say command (say command is needed. so this hubot-script can use only mac)\n\n* if statement starts with space, say command will be skipped (`/^[^\\s].*$/`)\n\n### installation\n\n* `npm install --save say-hubot`\n\n* save below environmental variables\n\n```sh\nexport SAY_HUBOT_ENGLISH_VOICE="Alex"\nexport SAY_HUBOT_JAPANESE_VOICE="Otoya"\n```\n\n* if you need japanese voice, you must download voice from mac system config menu (システム環境設定＞音声入力と読み上げ＞テキスト読み上げ). if you don\'t need japanese voice, you can just set english voice name into environmental variables above.\n\n* add "hubot-say" into external-scripts.json\n\n\n#### memo\n\nif you want use [hubot-twitter-userstream](https://github.com/hoo89/hubot-twitter-userstream/) & you want saying your account\'s tweet\n\ncomment out\n\n```coffeescript\nreturn if @botUser.id == tweet.user.id # at line 63\n```\n\nat `node_modules/hubot-twitter-userstream/src/twitter-userstream.coffee`\n',
15 silly publish   readmeFilename: 'README.md',
15 silly publish   gitHead: 'b0fad8ca2fdc9c85a04554a87d7afa3e71c9993c',
15 silly publish   _id: 'hubot-say@1.0.1',
15 silly publish   _shasum: '93398ad0a1be200e824233974243378b6af13d21',
15 silly publish   _from: '.' }
16 verbose mapToRegistry name hubot-say
17 verbose mapToRegistry uri https://registry.npmjs.org/hubot-say
18 verbose publish registryBase https://registry.npmjs.org/
19 verbose request on initialization, where is /hubot-say
20 verbose request after pass 1, where is /hubot-say
21 verbose request url raw /hubot-say
22 verbose request resolving registry [ 'https://registry.npmjs.org/', './hubot-say' ]
23 verbose request after pass 2, where is https://registry.npmjs.org/hubot-say
24 verbose request sending authorization for write operation
25 info attempt registry request try #1 at 00:40:09
26 verbose request id 10b9ad97d268b6c2
27 http request PUT https://registry.npmjs.org/hubot-say
28 http 403 https://registry.npmjs.org/hubot-say
29 verbose headers { date: 'Sun, 19 Oct 2014 15:40:10 GMT',
29 verbose headers   server: 'CouchDB/1.5.0 (Erlang OTP/R16B03)',
29 verbose headers   'content-type': 'application/json',
29 verbose headers   'cache-control': 'max-age=60',
29 verbose headers   'content-length': '3527',
29 verbose headers   'accept-ranges': 'bytes',
29 verbose headers   via: '1.1 varnish',
29 verbose headers   'x-served-by': 'cache-ty68-TYO',
29 verbose headers   'x-cache': 'MISS',
29 verbose headers   'x-cache-hits': '0',
29 verbose headers   'x-timer': 'S1413733210.139643,VS0,VE120',
29 verbose headers   'keep-alive': 'timeout=10, max=50',
29 verbose headers   connection: 'Keep-Alive' }
30 error publish Failed PUT 403
31 verbose stack Error: forbidden cannot modify pre-existing version: 1.0.1
31 verbose stack old={"name":"hubot-say","version":"1.0.1","description":"speak every text by say command","main":"index.coffee","scripts":{"test":"echo \"Error: no test specified\" && exit 1"},"repository":{"type":"git","url":"https://github.com/matsu-chara/hubot-say.git"},"keywords":["hubot","say"],"dependencies":{"execSync":"^1.0.2","shell-escape":"^0.1.0"},"author":{"name":"matsu_chara"},"license":"ISC","bugs":{"url":"https://github.com/matsu-chara/hubot-say/issues"},"homepage":"https://github.com/matsu-chara/hubot-say","gitHead":"2b2e9c5ca6f193ea72da5c4961070e76cbf423f3","_id":"hubot-say@1.0.1","_shasum":"93398ad0a1be200e824233974243378b6af13d21","_from":".","_npmVersion":"2.1.3","_nodeVersion":"0.10.32","_npmUser":{"name":"matsu_chara","email":"matsuy00@gmail.com"},"maintainers":[{"name":"matsu_chara","email":"matsuy00@gmail.com"}],"dist":{"shasum":"93398ad0a1be200e824233974243378b6af13d21","tarball":"http://registry.npmjs.org/hubot-say/-/hubot-say-1.0.1.tgz"}}
31 verbose stack new={"name":"hubot-say","version":"1.0.1","description":"speak every text by say command","main":"index.coffee","scripts":{"test":"echo \"Error: no test specified\" && exit 1"},"repository":{"type":"git","url":"https://github.com/matsu-chara/hubot-say.git"},"keywords":["hubot","say"],"dependencies":{"execSync":"^1.0.2","shell-escape":"^0.1.0"},"author":{"name":"matsu_chara"},"license":"ISC","bugs":{"url":"https://github.com/matsu-chara/hubot-say/issues"},"homepage":"https://github.com/matsu-chara/hubot-say","readme":"# hubot-say\u000a\u000a* speak every statement by say command (say command is needed. so this hubot-script can use only mac)\u000a\u000a* if statement starts with space, say command will be skipped (`/^[^\\s].*$/`)\u000a\u000a### installation\u000a\u000a* `npm install --save say-hubot`\u000a\u000a* save below environmental variables\u000a\u000a```sh\u000aexport SAY_HUBOT_ENGLISH_VOICE=\"Alex\"\u000aexport SAY_HUBOT_JAPANESE_VOICE=\"Otoya\"\u000a```\u000a\u000a* if you need japanese voice, you must download voice from mac system config menu (システム環境設定＞音声入力と読み上げ＞テキスト読み上げ). if you don't need japanese voice, you can just set english voice name into environmental variables above.\u000a\u000a* add \"hubot-say\" into external-scripts.json\u000a\u000a\u000a#### memo\u000a\u000aif you want use [hubot-twitter-userstream](https://github.com/hoo89/hubot-twitter-userstream/) & you want saying your account's tweet\u000a\u000acomment out\u000a\u000a```coffeescript\u000areturn if @botUser.id == tweet.user.id # at line 63\u000a```\u000a\u000aat `node_modules/hubot-twitter-userstream/src/twitter-userstream.coffee`\u000a","readmeFilename":"README.md","gitHead":"b0fad8ca2fdc9c85a04554a87d7afa3e71c9993c","_id":"hubot-say@1.0.1","_shasum":"93398ad0a1be200e824233974243378b6af13d21","_from":".","_npmVersion":"2.1.3","_nodeVersion":"0.10.32","_npmUser":{"name":"matsu_chara","email":"matsuy00@gmail.com"},"maintainers":[{"name":"matsu_chara","email":"matsuy00@gmail.com"}],"dist":{"shasum":"93398ad0a1be200e824233974243378b6af13d21","tarball":"http://registry.npmjs.org/hubot-say/-/hubot-say-1.0.1.tgz"}}: hubot-say
31 verbose stack     at RegClient.<anonymous> (/usr/local/lib/node_modules/npm/node_modules/npm-registry-client/lib/request.js:260:14)
31 verbose stack     at Request._callback (/usr/local/lib/node_modules/npm/node_modules/npm-registry-client/lib/request.js:197:65)
31 verbose stack     at Request.self.callback (/usr/local/lib/node_modules/npm/node_modules/request/request.js:237:22)
31 verbose stack     at Request.emit (events.js:98:17)
31 verbose stack     at Request.<anonymous> (/usr/local/lib/node_modules/npm/node_modules/request/request.js:1146:14)
31 verbose stack     at Request.emit (events.js:117:20)
31 verbose stack     at IncomingMessage.<anonymous> (/usr/local/lib/node_modules/npm/node_modules/request/request.js:1097:12)
31 verbose stack     at IncomingMessage.emit (events.js:117:20)
31 verbose stack     at _stream_readable.js:943:16
31 verbose stack     at process._tickCallback (node.js:419:13)
32 verbose statusCode 403
33 verbose pkgid hubot-say
34 verbose cwd /Users/matsu_chara/Dropbox/chara_work/programs/hubot/npms/hubot-say
35 error Darwin 14.0.0
36 error argv "node" "/usr/local/bin/npm" "publish"
37 error node v0.10.32
38 error npm  v2.1.3
39 error code E403
40 error forbidden cannot modify pre-existing version: 1.0.1
40 error old={"name":"hubot-say","version":"1.0.1","description":"speak every text by say command","main":"index.coffee","scripts":{"test":"echo \"Error: no test specified\" && exit 1"},"repository":{"type":"git","url":"https://github.com/matsu-chara/hubot-say.git"},"keywords":["hubot","say"],"dependencies":{"execSync":"^1.0.2","shell-escape":"^0.1.0"},"author":{"name":"matsu_chara"},"license":"ISC","bugs":{"url":"https://github.com/matsu-chara/hubot-say/issues"},"homepage":"https://github.com/matsu-chara/hubot-say","gitHead":"2b2e9c5ca6f193ea72da5c4961070e76cbf423f3","_id":"hubot-say@1.0.1","_shasum":"93398ad0a1be200e824233974243378b6af13d21","_from":".","_npmVersion":"2.1.3","_nodeVersion":"0.10.32","_npmUser":{"name":"matsu_chara","email":"matsuy00@gmail.com"},"maintainers":[{"name":"matsu_chara","email":"matsuy00@gmail.com"}],"dist":{"shasum":"93398ad0a1be200e824233974243378b6af13d21","tarball":"http://registry.npmjs.org/hubot-say/-/hubot-say-1.0.1.tgz"}}
40 error new={"name":"hubot-say","version":"1.0.1","description":"speak every text by say command","main":"index.coffee","scripts":{"test":"echo \"Error: no test specified\" && exit 1"},"repository":{"type":"git","url":"https://github.com/matsu-chara/hubot-say.git"},"keywords":["hubot","say"],"dependencies":{"execSync":"^1.0.2","shell-escape":"^0.1.0"},"author":{"name":"matsu_chara"},"license":"ISC","bugs":{"url":"https://github.com/matsu-chara/hubot-say/issues"},"homepage":"https://github.com/matsu-chara/hubot-say","readme":"# hubot-say\u000a\u000a* speak every statement by say command (say command is needed. so this hubot-script can use only mac)\u000a\u000a* if statement starts with space, say command will be skipped (`/^[^\\s].*$/`)\u000a\u000a### installation\u000a\u000a* `npm install --save say-hubot`\u000a\u000a* save below environmental variables\u000a\u000a```sh\u000aexport SAY_HUBOT_ENGLISH_VOICE=\"Alex\"\u000aexport SAY_HUBOT_JAPANESE_VOICE=\"Otoya\"\u000a```\u000a\u000a* if you need japanese voice, you must download voice from mac system config menu (システム環境設定＞音声入力と読み上げ＞テキスト読み上げ). if you don't need japanese voice, you can just set english voice name into environmental variables above.\u000a\u000a* add \"hubot-say\" into external-scripts.json\u000a\u000a\u000a#### memo\u000a\u000aif you want use [hubot-twitter-userstream](https://github.com/hoo89/hubot-twitter-userstream/) & you want saying your account's tweet\u000a\u000acomment out\u000a\u000a```coffeescript\u000areturn if @botUser.id == tweet.user.id # at line 63\u000a```\u000a\u000aat `node_modules/hubot-twitter-userstream/src/twitter-userstream.coffee`\u000a","readmeFilename":"README.md","gitHead":"b0fad8ca2fdc9c85a04554a87d7afa3e71c9993c","_id":"hubot-say@1.0.1","_shasum":"93398ad0a1be200e824233974243378b6af13d21","_from":".","_npmVersion":"2.1.3","_nodeVersion":"0.10.32","_npmUser":{"name":"matsu_chara","email":"matsuy00@gmail.com"},"maintainers":[{"name":"matsu_chara","email":"matsuy00@gmail.com"}],"dist":{"shasum":"93398ad0a1be200e824233974243378b6af13d21","tarball":"http://registry.npmjs.org/hubot-say/-/hubot-say-1.0.1.tgz"}}: hubot-say
41 error If you need help, you may report this error at:
41 error     <http://github.com/npm/npm/issues>
42 verbose exit [ 1, true ]
